{"uuid":"4b8e8a7d-d43d-4eb6-a964-f4d2bf5cfa6d","historyId":"c32596ed8ac0559bf0cf4d85a88cf32a","testCaseId":"5193f04e3b8c5bc60bafe0afe502180f","fullName":"src/test/resources/features/adminPage.feature:41","labels":[{"name":"host","value":"Anushree"},{"name":"thread","value":"32032@Anushree.TestNG-PoolService-5(36)"},{"name":"feature","value":"Admin functionality for OrangeHRM Website"},{"name":"story","value":"Search for an existing user in Admin Panel"},{"name":"suite","value":"Admin functionality for OrangeHRM Website"},{"name":"testClass","value":"Search for an existing user in Admin Panel"},{"name":"framework","value":"cucumber4jvm"},{"name":"language","value":"java"},{"name":"gherkin_uri","value":"file:///D:/myWorkspace/FinalOrangeHRM/src/test/resources/features/adminPage.feature"},{"name":"package","value":"src.test.resources.features.adminPage_feature.Admin functionality for OrangeHRM Website"}],"links":[],"name":"Search for an existing user in Admin Panel","status":"broken","statusDetails":{"known":false,"muted":false,"flaky":false,"message":"Error communicating with the remote browser. It may have died.\nBuild info: version: '4.32.0', revision: 'd17c8aa950'\nSystem info: os.name: 'Windows 11', os.arch: 'amd64', os.version: '10.0', java.version: '21.0.3'\nDriver info: org.openqa.selenium.chrome.ChromeDriver\nCommand: [b92f4410ded03f64b9f2451f762e23b0, findElement [value, using]]\nCapabilities {acceptInsecureCerts: false, browserName: chrome, browserVersion: 138.0.7204.183, chrome: {chromedriverVersion: 138.0.7204.183 (e90faf484dd..., userDataDir: C:\\Users\\kambl\\AppData\\Loca...}, fedcm:accounts: true, goog:chromeOptions: {debuggerAddress: localhost:51605}, networkConnectionEnabled: false, pageLoadStrategy: normal, platformName: windows, proxy: Proxy(), se:cdp: ws://localhost:51605/devtoo..., se:cdpVersion: 138.0.7204.183, setWindowRect: true, strictFileInteractability: false, timeouts: {implicit: 0, pageLoad: 300000, script: 30000}, unhandledPromptBehavior: dismiss and notify, webauthn:extension:credBlob: true, webauthn:extension:largeBlob: true, webauthn:extension:minPinLength: true, webauthn:extension:prf: true, webauthn:virtualAuthenticators: true}\nSession ID: b92f4410ded03f64b9f2451f762e23b0","trace":"org.openqa.selenium.remote.UnreachableBrowserException: Error communicating with the remote browser. It may have died.\nBuild info: version: '4.32.0', revision: 'd17c8aa950'\nSystem info: os.name: 'Windows 11', os.arch: 'amd64', os.version: '10.0', java.version: '21.0.3'\nDriver info: org.openqa.selenium.chrome.ChromeDriver\nCommand: [b92f4410ded03f64b9f2451f762e23b0, findElement [value, using]]\nCapabilities {acceptInsecureCerts: false, browserName: chrome, browserVersion: 138.0.7204.183, chrome: {chromedriverVersion: 138.0.7204.183 (e90faf484dd..., userDataDir: C:\\Users\\kambl\\AppData\\Loca...}, fedcm:accounts: true, goog:chromeOptions: {debuggerAddress: localhost:51605}, networkConnectionEnabled: false, pageLoadStrategy: normal, platformName: windows, proxy: Proxy(), se:cdp: ws://localhost:51605/devtoo..., se:cdpVersion: 138.0.7204.183, setWindowRect: true, strictFileInteractability: false, timeouts: {implicit: 0, pageLoad: 300000, script: 30000}, unhandledPromptBehavior: dismiss and notify, webauthn:extension:credBlob: true, webauthn:extension:largeBlob: true, webauthn:extension:minPinLength: true, webauthn:extension:prf: true, webauthn:virtualAuthenticators: true}\nSession ID: b92f4410ded03f64b9f2451f762e23b0\r\n\tat org.openqa.selenium.remote.RemoteWebDriver.execute(RemoteWebDriver.java:572)\r\n\tat org.openqa.selenium.remote.ElementLocation$ElementFinder$2.findElement(ElementLocation.java:165)\r\n\tat org.openqa.selenium.remote.ElementLocation.findElement(ElementLocation.java:59)\r\n\tat org.openqa.selenium.remote.RemoteWebDriver.findElement(RemoteWebDriver.java:368)\r\n\tat org.openqa.selenium.remote.RemoteWebDriver.findElement(RemoteWebDriver.java:362)\r\n\tat org.openqa.selenium.support.pagefactory.DefaultElementLocator.findElement(DefaultElementLocator.java:68)\r\n\tat org.openqa.selenium.support.pagefactory.internal.LocatingElementHandler.invoke(LocatingElementHandler.java:38)\r\n\tat jdk.proxy2/jdk.proxy2.$Proxy30.sendKeys(Unknown Source)\r\n\tat com.hrm.pages.LoginPage.doLogin(LoginPage.java:77)\r\n\tat com.hrm.StepDefinations.AddUserAsAdminOrEssStepDefination.user_has_already_logged_in_to_application(AddUserAsAdminOrEssStepDefination.java:39)\r\n\tat ✽.user has already logged in to application(file:///D:/myWorkspace/FinalOrangeHRM/src/test/resources/features/adminPage.feature:5)\r\nCaused by: java.io.UncheckedIOException: java.io.IOException: Task jdk.internal.net.http.common.SequentialScheduler$SchedulableTask@7ae89fb2 rejected from java.util.concurrent.ThreadPoolExecutor@19c679f[Shutting down, pool size = 10, active threads = 10, queued tasks = 0, completed tasks = 228]\r\n\tat org.openqa.selenium.remote.http.jdk.JdkHttpClient.execute0(JdkHttpClient.java:500)\r\n\tat org.openqa.selenium.remote.http.AddSeleniumUserAgent.lambda$apply$0(AddSeleniumUserAgent.java:42)\r\n\tat org.openqa.selenium.remote.http.Filter.lambda$andFinally$1(Filter.java:55)\r\n\tat org.openqa.selenium.remote.http.jdk.JdkHttpClient.lambda$executeAsync$2(JdkHttpClient.java:387)\r\n\tat java.base/java.util.concurrent.Executors$RunnableAdapter.call(Executors.java:572)\r\n\tat java.base/java.util.concurrent.FutureTask.run(FutureTask.java:317)\r\n\tat java.base/java.util.concurrent.ThreadPoolExecutor.runWorker(ThreadPoolExecutor.java:1144)\r\n\tat java.base/java.util.concurrent.ThreadPoolExecutor$Worker.run(ThreadPoolExecutor.java:642)\r\n\tat java.base/java.lang.Thread.run(Thread.java:1583)\r\nCaused by: java.io.IOException: Task jdk.internal.net.http.common.SequentialScheduler$SchedulableTask@7ae89fb2 rejected from java.util.concurrent.ThreadPoolExecutor@19c679f[Shutting down, pool size = 10, active threads = 10, queued tasks = 0, completed tasks = 228]\r\n\tat java.net.http/jdk.internal.net.http.HttpClientImpl.send(HttpClientImpl.java:966)\r\n\tat java.net.http/jdk.internal.net.http.HttpClientFacade.send(HttpClientFacade.java:133)\r\n\tat org.openqa.selenium.remote.http.jdk.JdkHttpClient.execute0(JdkHttpClient.java:459)\r\n\t... 8 more\r\nCaused by: java.util.concurrent.RejectedExecutionException: Task jdk.internal.net.http.common.SequentialScheduler$SchedulableTask@7ae89fb2 rejected from java.util.concurrent.ThreadPoolExecutor@19c679f[Shutting down, pool size = 10, active threads = 10, queued tasks = 0, completed tasks = 228]\r\n\tat java.base/java.util.concurrent.ThreadPoolExecutor$AbortPolicy.rejectedExecution(ThreadPoolExecutor.java:2081)\r\n\tat java.base/java.util.concurrent.ThreadPoolExecutor.reject(ThreadPoolExecutor.java:841)\r\n\tat java.base/java.util.concurrent.ThreadPoolExecutor.execute(ThreadPoolExecutor.java:1376)\r\n\tat java.net.http/jdk.internal.net.http.HttpClientImpl$DelegatingExecutor.ensureExecutedAsync(HttpClientImpl.java:183)\r\n\tat java.net.http/jdk.internal.net.http.HttpClientImpl$DelegatingExecutor.execute(HttpClientImpl.java:175)\r\n\tat java.net.http/jdk.internal.net.http.common.SequentialScheduler.runOrSchedule(SequentialScheduler.java:282)\r\n\tat java.net.http/jdk.internal.net.http.common.SequentialScheduler.runOrSchedule(SequentialScheduler.java:251)\r\n\tat java.net.http/jdk.internal.net.http.Http1AsyncReceiver.onReadError(Http1AsyncReceiver.java:516)\r\n\tat java.net.http/jdk.internal.net.http.Http1AsyncReceiver$Http1TubeSubscriber.onComplete(Http1AsyncReceiver.java:601)\r\n\tat java.net.http/jdk.internal.net.http.SocketTube$InternalReadPublisher$ReadSubscription.signalCompletion(SocketTube.java:648)\r\n\tat java.net.http/jdk.internal.net.http.SocketTube$InternalReadPublisher$InternalReadSubscription.read(SocketTube.java:853)\r\n\tat java.net.http/jdk.internal.net.http.SocketTube$SocketFlowTask.run(SocketTube.java:181)\r\n\tat java.net.http/jdk.internal.net.http.common.SequentialScheduler$SchedulableTask.run(SequentialScheduler.java:207)\r\n\tat java.net.http/jdk.internal.net.http.common.SequentialScheduler.runOrSchedule(SequentialScheduler.java:280)\r\n\tat java.net.http/jdk.internal.net.http.common.SequentialScheduler.runOrSchedule(SequentialScheduler.java:233)\r\n\tat java.net.http/jdk.internal.net.http.SocketTube$InternalReadPublisher$InternalReadSubscription.signalReadable(SocketTube.java:782)\r\n\tat java.net.http/jdk.internal.net.http.SocketTube$InternalReadPublisher$ReadEvent.signalEvent(SocketTube.java:965)\r\n\tat java.net.http/jdk.internal.net.http.SocketTube$SocketFlowEvent.handle(SocketTube.java:253)\r\n\tat java.net.http/jdk.internal.net.http.HttpClientImpl$SelectorManager.handleEvent(HttpClientImpl.java:1467)\r\n\tat java.net.http/jdk.internal.net.http.HttpClientImpl$SelectorManager.lambda$run$3(HttpClientImpl.java:1412)\r\n\tat java.base/java.util.ArrayList.forEach(ArrayList.java:1596)\r\n\tat java.net.http/jdk.internal.net.http.HttpClientImpl$SelectorManager.run(HttpClientImpl.java:1412)\r\n"},"stage":"finished","steps":[{"name":"Given user has already logged in to application","status":"broken","statusDetails":{"known":false,"muted":false,"flaky":false,"message":"Error communicating with the remote browser. It may have died.\nBuild info: version: '4.32.0', revision: 'd17c8aa950'\nSystem info: os.name: 'Windows 11', os.arch: 'amd64', os.version: '10.0', java.version: '21.0.3'\nDriver info: org.openqa.selenium.chrome.ChromeDriver\nCommand: [b92f4410ded03f64b9f2451f762e23b0, findElement [value, using]]\nCapabilities {acceptInsecureCerts: false, browserName: chrome, browserVersion: 138.0.7204.183, chrome: {chromedriverVersion: 138.0.7204.183 (e90faf484dd..., userDataDir: C:\\Users\\kambl\\AppData\\Loca...}, fedcm:accounts: true, goog:chromeOptions: {debuggerAddress: localhost:51605}, networkConnectionEnabled: false, pageLoadStrategy: normal, platformName: windows, proxy: Proxy(), se:cdp: ws://localhost:51605/devtoo..., se:cdpVersion: 138.0.7204.183, setWindowRect: true, strictFileInteractability: false, timeouts: {implicit: 0, pageLoad: 300000, script: 30000}, unhandledPromptBehavior: dismiss and notify, webauthn:extension:credBlob: true, webauthn:extension:largeBlob: true, webauthn:extension:minPinLength: true, webauthn:extension:prf: true, webauthn:virtualAuthenticators: true}\nSession ID: b92f4410ded03f64b9f2451f762e23b0","trace":"org.openqa.selenium.remote.UnreachableBrowserException: Error communicating with the remote browser. It may have died.\nBuild info: version: '4.32.0', revision: 'd17c8aa950'\nSystem info: os.name: 'Windows 11', os.arch: 'amd64', os.version: '10.0', java.version: '21.0.3'\nDriver info: org.openqa.selenium.chrome.ChromeDriver\nCommand: [b92f4410ded03f64b9f2451f762e23b0, findElement [value, using]]\nCapabilities {acceptInsecureCerts: false, browserName: chrome, browserVersion: 138.0.7204.183, chrome: {chromedriverVersion: 138.0.7204.183 (e90faf484dd..., userDataDir: C:\\Users\\kambl\\AppData\\Loca...}, fedcm:accounts: true, goog:chromeOptions: {debuggerAddress: localhost:51605}, networkConnectionEnabled: false, pageLoadStrategy: normal, platformName: windows, proxy: Proxy(), se:cdp: ws://localhost:51605/devtoo..., se:cdpVersion: 138.0.7204.183, setWindowRect: true, strictFileInteractability: false, timeouts: {implicit: 0, pageLoad: 300000, script: 30000}, unhandledPromptBehavior: dismiss and notify, webauthn:extension:credBlob: true, webauthn:extension:largeBlob: true, webauthn:extension:minPinLength: true, webauthn:extension:prf: true, webauthn:virtualAuthenticators: true}\nSession ID: b92f4410ded03f64b9f2451f762e23b0\r\n\tat org.openqa.selenium.remote.RemoteWebDriver.execute(RemoteWebDriver.java:572)\r\n\tat org.openqa.selenium.remote.ElementLocation$ElementFinder$2.findElement(ElementLocation.java:165)\r\n\tat org.openqa.selenium.remote.ElementLocation.findElement(ElementLocation.java:59)\r\n\tat org.openqa.selenium.remote.RemoteWebDriver.findElement(RemoteWebDriver.java:368)\r\n\tat org.openqa.selenium.remote.RemoteWebDriver.findElement(RemoteWebDriver.java:362)\r\n\tat org.openqa.selenium.support.pagefactory.DefaultElementLocator.findElement(DefaultElementLocator.java:68)\r\n\tat org.openqa.selenium.support.pagefactory.internal.LocatingElementHandler.invoke(LocatingElementHandler.java:38)\r\n\tat jdk.proxy2/jdk.proxy2.$Proxy30.sendKeys(Unknown Source)\r\n\tat com.hrm.pages.LoginPage.doLogin(LoginPage.java:77)\r\n\tat com.hrm.StepDefinations.AddUserAsAdminOrEssStepDefination.user_has_already_logged_in_to_application(AddUserAsAdminOrEssStepDefination.java:39)\r\n\tat ✽.user has already logged in to application(file:///D:/myWorkspace/FinalOrangeHRM/src/test/resources/features/adminPage.feature:5)\r\nCaused by: java.io.UncheckedIOException: java.io.IOException: Task jdk.internal.net.http.common.SequentialScheduler$SchedulableTask@7ae89fb2 rejected from java.util.concurrent.ThreadPoolExecutor@19c679f[Shutting down, pool size = 10, active threads = 10, queued tasks = 0, completed tasks = 228]\r\n\tat org.openqa.selenium.remote.http.jdk.JdkHttpClient.execute0(JdkHttpClient.java:500)\r\n\tat org.openqa.selenium.remote.http.AddSeleniumUserAgent.lambda$apply$0(AddSeleniumUserAgent.java:42)\r\n\tat org.openqa.selenium.remote.http.Filter.lambda$andFinally$1(Filter.java:55)\r\n\tat org.openqa.selenium.remote.http.jdk.JdkHttpClient.lambda$executeAsync$2(JdkHttpClient.java:387)\r\n\tat java.base/java.util.concurrent.Executors$RunnableAdapter.call(Executors.java:572)\r\n\tat java.base/java.util.concurrent.FutureTask.run(FutureTask.java:317)\r\n\tat java.base/java.util.concurrent.ThreadPoolExecutor.runWorker(ThreadPoolExecutor.java:1144)\r\n\tat java.base/java.util.concurrent.ThreadPoolExecutor$Worker.run(ThreadPoolExecutor.java:642)\r\n\tat java.base/java.lang.Thread.run(Thread.java:1583)\r\nCaused by: java.io.IOException: Task jdk.internal.net.http.common.SequentialScheduler$SchedulableTask@7ae89fb2 rejected from java.util.concurrent.ThreadPoolExecutor@19c679f[Shutting down, pool size = 10, active threads = 10, queued tasks = 0, completed tasks = 228]\r\n\tat java.net.http/jdk.internal.net.http.HttpClientImpl.send(HttpClientImpl.java:966)\r\n\tat java.net.http/jdk.internal.net.http.HttpClientFacade.send(HttpClientFacade.java:133)\r\n\tat org.openqa.selenium.remote.http.jdk.JdkHttpClient.execute0(JdkHttpClient.java:459)\r\n\t... 8 more\r\nCaused by: java.util.concurrent.RejectedExecutionException: Task jdk.internal.net.http.common.SequentialScheduler$SchedulableTask@7ae89fb2 rejected from java.util.concurrent.ThreadPoolExecutor@19c679f[Shutting down, pool size = 10, active threads = 10, queued tasks = 0, completed tasks = 228]\r\n\tat java.base/java.util.concurrent.ThreadPoolExecutor$AbortPolicy.rejectedExecution(ThreadPoolExecutor.java:2081)\r\n\tat java.base/java.util.concurrent.ThreadPoolExecutor.reject(ThreadPoolExecutor.java:841)\r\n\tat java.base/java.util.concurrent.ThreadPoolExecutor.execute(ThreadPoolExecutor.java:1376)\r\n\tat java.net.http/jdk.internal.net.http.HttpClientImpl$DelegatingExecutor.ensureExecutedAsync(HttpClientImpl.java:183)\r\n\tat java.net.http/jdk.internal.net.http.HttpClientImpl$DelegatingExecutor.execute(HttpClientImpl.java:175)\r\n\tat java.net.http/jdk.internal.net.http.common.SequentialScheduler.runOrSchedule(SequentialScheduler.java:282)\r\n\tat java.net.http/jdk.internal.net.http.common.SequentialScheduler.runOrSchedule(SequentialScheduler.java:251)\r\n\tat java.net.http/jdk.internal.net.http.Http1AsyncReceiver.onReadError(Http1AsyncReceiver.java:516)\r\n\tat java.net.http/jdk.internal.net.http.Http1AsyncReceiver$Http1TubeSubscriber.onComplete(Http1AsyncReceiver.java:601)\r\n\tat java.net.http/jdk.internal.net.http.SocketTube$InternalReadPublisher$ReadSubscription.signalCompletion(SocketTube.java:648)\r\n\tat java.net.http/jdk.internal.net.http.SocketTube$InternalReadPublisher$InternalReadSubscription.read(SocketTube.java:853)\r\n\tat java.net.http/jdk.internal.net.http.SocketTube$SocketFlowTask.run(SocketTube.java:181)\r\n\tat java.net.http/jdk.internal.net.http.common.SequentialScheduler$SchedulableTask.run(SequentialScheduler.java:207)\r\n\tat java.net.http/jdk.internal.net.http.common.SequentialScheduler.runOrSchedule(SequentialScheduler.java:280)\r\n\tat java.net.http/jdk.internal.net.http.common.SequentialScheduler.runOrSchedule(SequentialScheduler.java:233)\r\n\tat java.net.http/jdk.internal.net.http.SocketTube$InternalReadPublisher$InternalReadSubscription.signalReadable(SocketTube.java:782)\r\n\tat java.net.http/jdk.internal.net.http.SocketTube$InternalReadPublisher$ReadEvent.signalEvent(SocketTube.java:965)\r\n\tat java.net.http/jdk.internal.net.http.SocketTube$SocketFlowEvent.handle(SocketTube.java:253)\r\n\tat java.net.http/jdk.internal.net.http.HttpClientImpl$SelectorManager.handleEvent(HttpClientImpl.java:1467)\r\n\tat java.net.http/jdk.internal.net.http.HttpClientImpl$SelectorManager.lambda$run$3(HttpClientImpl.java:1412)\r\n\tat java.base/java.util.ArrayList.forEach(ArrayList.java:1596)\r\n\tat java.net.http/jdk.internal.net.http.HttpClientImpl$SelectorManager.run(HttpClientImpl.java:1412)\r\n"},"stage":"finished","steps":[],"attachments":[{"name":"Data table","source":"3048f135-654e-4298-9902-e3a2e7f7b3c3-attachment.csv","type":"text/tab-separated-values"}],"parameters":[],"start":1754390947367,"stop":1754390950948},{"name":"When User clicks on the Admin tab from the menu","status":"skipped","statusDetails":{"known":false,"muted":false,"flaky":false},"stage":"finished","steps":[],"attachments":[],"parameters":[],"start":1754390950987,"stop":1754390951017},{"name":"And Admin panel page should display Admin / User Management options","status":"skipped","statusDetails":{"known":false,"muted":false,"flaky":false},"stage":"finished","steps":[],"attachments":[],"parameters":[],"start":1754390951024,"stop":1754390951159},{"name":"When User enters username \"radha1234\" in the search field","status":"skipped","statusDetails":{"known":false,"muted":false,"flaky":false},"stage":"finished","steps":[],"attachments":[],"parameters":[],"start":1754390951161,"stop":1754390951161},{"name":"And User clicks on the search button","status":"skipped","statusDetails":{"known":false,"muted":false,"flaky":false},"stage":"finished","steps":[],"attachments":[],"parameters":[],"start":1754390951165,"stop":1754390951165},{"name":"Then The system should display user details \"radha1234\"","status":"skipped","statusDetails":{"known":false,"muted":false,"flaky":false},"stage":"finished","steps":[],"attachments":[],"parameters":[],"start":1754390951165,"stop":1754390951167}],"attachments":[],"parameters":[{"name":"Search_User","value":"radha1234"}],"start":1754390930700,"stop":1754390951539}