{"uuid":"82be23db-a9e0-45f5-873f-02d1f2e6a6d0","historyId":"e2e87a0fe4e1237a673a85c2344d2829","testCaseId":"6b8a5043c7fbfeb0703a492184620467","fullName":"src/test/resources/features/loginPage.feature:30","labels":[{"name":"host","value":"Anushree"},{"name":"thread","value":"33612@Anushree.TestNG-PoolService-2(33)"},{"name":"feature","value":"Login functionality for OrangeHRM Website"},{"name":"story","value":"Unsuccessful login with invalid or empty credentials"},{"name":"suite","value":"Login functionality for OrangeHRM Website"},{"name":"testClass","value":"Unsuccessful login with invalid or empty credentials"},{"name":"framework","value":"cucumber4jvm"},{"name":"language","value":"java"},{"name":"gherkin_uri","value":"file:///D:/myWorkspace/FinalOrangeHRM/src/test/resources/features/loginPage.feature"},{"name":"package","value":"src.test.resources.features.loginPage_feature.Login functionality for OrangeHRM Website"}],"links":[],"name":"Unsuccessful login with invalid or empty credentials","status":"broken","statusDetails":{"known":false,"muted":false,"flaky":false,"message":"stale element reference: stale element not found\n  (Session info: chrome=138.0.7204.183)\nFor documentation on this error, please visit: https://www.selenium.dev/documentation/webdriver/troubleshooting/errors#stale-element-reference-exception\nBuild info: version: '4.32.0', revision: 'd17c8aa950'\nSystem info: os.name: 'Windows 11', os.arch: 'amd64', os.version: '10.0', java.version: '21.0.3'\nDriver info: org.openqa.selenium.chrome.ChromeDriver\nCommand: [4122b0e6addfaea89beb9b3cf7fc2a5f, sendKeysToElement {id=f.2F3BEBA824FA4CF254506E13CA27CD1B.d.379EA81DEEDD813B43F4687E5F604DF8.e.3, value=[Ljava.lang.CharSequence;@f10b07b}]\nCapabilities {acceptInsecureCerts: false, browserName: chrome, browserVersion: 138.0.7204.183, chrome: {chromedriverVersion: 138.0.7204.183 (e90faf484dd..., userDataDir: C:\\Users\\kambl\\AppData\\Loca...}, fedcm:accounts: true, goog:chromeOptions: {debuggerAddress: localhost:52523}, networkConnectionEnabled: false, pageLoadStrategy: normal, platformName: windows, proxy: Proxy(), se:cdp: ws://localhost:52523/devtoo..., se:cdpVersion: 138.0.7204.183, setWindowRect: true, strictFileInteractability: false, timeouts: {implicit: 0, pageLoad: 300000, script: 30000}, unhandledPromptBehavior: dismiss and notify, webauthn:extension:credBlob: true, webauthn:extension:largeBlob: true, webauthn:extension:minPinLength: true, webauthn:extension:prf: true, webauthn:virtualAuthenticators: true}\nElement: [[ChromeDriver: chrome on windows (4122b0e6addfaea89beb9b3cf7fc2a5f)] -> css selector: input[name*='username']]\nSession ID: 4122b0e6addfaea89beb9b3cf7fc2a5f","trace":"org.openqa.selenium.StaleElementReferenceException: stale element reference: stale element not found\n  (Session info: chrome=138.0.7204.183)\nFor documentation on this error, please visit: https://www.selenium.dev/documentation/webdriver/troubleshooting/errors#stale-element-reference-exception\nBuild info: version: '4.32.0', revision: 'd17c8aa950'\nSystem info: os.name: 'Windows 11', os.arch: 'amd64', os.version: '10.0', java.version: '21.0.3'\nDriver info: org.openqa.selenium.chrome.ChromeDriver\nCommand: [4122b0e6addfaea89beb9b3cf7fc2a5f, sendKeysToElement {id=f.2F3BEBA824FA4CF254506E13CA27CD1B.d.379EA81DEEDD813B43F4687E5F604DF8.e.3, value=[Ljava.lang.CharSequence;@f10b07b}]\nCapabilities {acceptInsecureCerts: false, browserName: chrome, browserVersion: 138.0.7204.183, chrome: {chromedriverVersion: 138.0.7204.183 (e90faf484dd..., userDataDir: C:\\Users\\kambl\\AppData\\Loca...}, fedcm:accounts: true, goog:chromeOptions: {debuggerAddress: localhost:52523}, networkConnectionEnabled: false, pageLoadStrategy: normal, platformName: windows, proxy: Proxy(), se:cdp: ws://localhost:52523/devtoo..., se:cdpVersion: 138.0.7204.183, setWindowRect: true, strictFileInteractability: false, timeouts: {implicit: 0, pageLoad: 300000, script: 30000}, unhandledPromptBehavior: dismiss and notify, webauthn:extension:credBlob: true, webauthn:extension:largeBlob: true, webauthn:extension:minPinLength: true, webauthn:extension:prf: true, webauthn:virtualAuthenticators: true}\nElement: [[ChromeDriver: chrome on windows (4122b0e6addfaea89beb9b3cf7fc2a5f)] -> css selector: input[name*='username']]\nSession ID: 4122b0e6addfaea89beb9b3cf7fc2a5f\r\n\tat java.base/jdk.internal.reflect.DirectConstructorHandleAccessor.newInstance(DirectConstructorHandleAccessor.java:62)\r\n\tat java.base/java.lang.reflect.Constructor.newInstanceWithCaller(Constructor.java:502)\r\n\tat java.base/java.lang.reflect.Constructor.newInstance(Constructor.java:486)\r\n\tat org.openqa.selenium.remote.ErrorCodec.decode(ErrorCodec.java:167)\r\n\tat org.openqa.selenium.remote.codec.w3c.W3CHttpResponseCodec.decode(W3CHttpResponseCodec.java:138)\r\n\tat org.openqa.selenium.remote.codec.w3c.W3CHttpResponseCodec.decode(W3CHttpResponseCodec.java:50)\r\n\tat org.openqa.selenium.remote.HttpCommandExecutor.execute(HttpCommandExecutor.java:215)\r\n\tat org.openqa.selenium.remote.service.DriverCommandExecutor.invokeExecute(DriverCommandExecutor.java:216)\r\n\tat org.openqa.selenium.remote.service.DriverCommandExecutor.execute(DriverCommandExecutor.java:174)\r\n\tat org.openqa.selenium.remote.RemoteWebDriver.execute(RemoteWebDriver.java:545)\r\n\tat org.openqa.selenium.remote.RemoteWebElement.execute(RemoteWebElement.java:223)\r\n\tat org.openqa.selenium.remote.RemoteWebElement.sendKeys(RemoteWebElement.java:110)\r\n\tat java.base/jdk.internal.reflect.DirectMethodHandleAccessor.invoke(DirectMethodHandleAccessor.java:103)\r\n\tat java.base/java.lang.reflect.Method.invoke(Method.java:580)\r\n\tat org.openqa.selenium.support.pagefactory.internal.LocatingElementHandler.invoke(LocatingElementHandler.java:51)\r\n\tat jdk.proxy2/jdk.proxy2.$Proxy30.sendKeys(Unknown Source)\r\n\tat com.hrm.pages.LoginPage.enterUserName(LoginPage.java:51)\r\n\tat com.hrm.StepDefinations.LoginPageStepDefination.i_have_entered_invalid_username_and_username(LoginPageStepDefination.java:58)\r\n\tat ✽.I have entered invalid  username \"Admin\" and  username \"invalidPassword\"(file:///D:/myWorkspace/FinalOrangeHRM/src/test/resources/features/loginPage.feature:25)\r\n"},"stage":"finished","description":"  As a Admin Of the OrangeHRM website\n  I want to be able to log in with admin account\n  So that I can access admin account-related features and manage the dashboard","steps":[{"name":"Given I have entered invalid  username \"Admin\" and  username \"invalidPassword\"","status":"broken","statusDetails":{"known":false,"muted":false,"flaky":false,"message":"stale element reference: stale element not found\n  (Session info: chrome=138.0.7204.183)\nFor documentation on this error, please visit: https://www.selenium.dev/documentation/webdriver/troubleshooting/errors#stale-element-reference-exception\nBuild info: version: '4.32.0', revision: 'd17c8aa950'\nSystem info: os.name: 'Windows 11', os.arch: 'amd64', os.version: '10.0', java.version: '21.0.3'\nDriver info: org.openqa.selenium.chrome.ChromeDriver\nCommand: [4122b0e6addfaea89beb9b3cf7fc2a5f, sendKeysToElement {id=f.2F3BEBA824FA4CF254506E13CA27CD1B.d.379EA81DEEDD813B43F4687E5F604DF8.e.3, value=[Ljava.lang.CharSequence;@f10b07b}]\nCapabilities {acceptInsecureCerts: false, browserName: chrome, browserVersion: 138.0.7204.183, chrome: {chromedriverVersion: 138.0.7204.183 (e90faf484dd..., userDataDir: C:\\Users\\kambl\\AppData\\Loca...}, fedcm:accounts: true, goog:chromeOptions: {debuggerAddress: localhost:52523}, networkConnectionEnabled: false, pageLoadStrategy: normal, platformName: windows, proxy: Proxy(), se:cdp: ws://localhost:52523/devtoo..., se:cdpVersion: 138.0.7204.183, setWindowRect: true, strictFileInteractability: false, timeouts: {implicit: 0, pageLoad: 300000, script: 30000}, unhandledPromptBehavior: dismiss and notify, webauthn:extension:credBlob: true, webauthn:extension:largeBlob: true, webauthn:extension:minPinLength: true, webauthn:extension:prf: true, webauthn:virtualAuthenticators: true}\nElement: [[ChromeDriver: chrome on windows (4122b0e6addfaea89beb9b3cf7fc2a5f)] -> css selector: input[name*='username']]\nSession ID: 4122b0e6addfaea89beb9b3cf7fc2a5f","trace":"org.openqa.selenium.StaleElementReferenceException: stale element reference: stale element not found\n  (Session info: chrome=138.0.7204.183)\nFor documentation on this error, please visit: https://www.selenium.dev/documentation/webdriver/troubleshooting/errors#stale-element-reference-exception\nBuild info: version: '4.32.0', revision: 'd17c8aa950'\nSystem info: os.name: 'Windows 11', os.arch: 'amd64', os.version: '10.0', java.version: '21.0.3'\nDriver info: org.openqa.selenium.chrome.ChromeDriver\nCommand: [4122b0e6addfaea89beb9b3cf7fc2a5f, sendKeysToElement {id=f.2F3BEBA824FA4CF254506E13CA27CD1B.d.379EA81DEEDD813B43F4687E5F604DF8.e.3, value=[Ljava.lang.CharSequence;@f10b07b}]\nCapabilities {acceptInsecureCerts: false, browserName: chrome, browserVersion: 138.0.7204.183, chrome: {chromedriverVersion: 138.0.7204.183 (e90faf484dd..., userDataDir: C:\\Users\\kambl\\AppData\\Loca...}, fedcm:accounts: true, goog:chromeOptions: {debuggerAddress: localhost:52523}, networkConnectionEnabled: false, pageLoadStrategy: normal, platformName: windows, proxy: Proxy(), se:cdp: ws://localhost:52523/devtoo..., se:cdpVersion: 138.0.7204.183, setWindowRect: true, strictFileInteractability: false, timeouts: {implicit: 0, pageLoad: 300000, script: 30000}, unhandledPromptBehavior: dismiss and notify, webauthn:extension:credBlob: true, webauthn:extension:largeBlob: true, webauthn:extension:minPinLength: true, webauthn:extension:prf: true, webauthn:virtualAuthenticators: true}\nElement: [[ChromeDriver: chrome on windows (4122b0e6addfaea89beb9b3cf7fc2a5f)] -> css selector: input[name*='username']]\nSession ID: 4122b0e6addfaea89beb9b3cf7fc2a5f\r\n\tat java.base/jdk.internal.reflect.DirectConstructorHandleAccessor.newInstance(DirectConstructorHandleAccessor.java:62)\r\n\tat java.base/java.lang.reflect.Constructor.newInstanceWithCaller(Constructor.java:502)\r\n\tat java.base/java.lang.reflect.Constructor.newInstance(Constructor.java:486)\r\n\tat org.openqa.selenium.remote.ErrorCodec.decode(ErrorCodec.java:167)\r\n\tat org.openqa.selenium.remote.codec.w3c.W3CHttpResponseCodec.decode(W3CHttpResponseCodec.java:138)\r\n\tat org.openqa.selenium.remote.codec.w3c.W3CHttpResponseCodec.decode(W3CHttpResponseCodec.java:50)\r\n\tat org.openqa.selenium.remote.HttpCommandExecutor.execute(HttpCommandExecutor.java:215)\r\n\tat org.openqa.selenium.remote.service.DriverCommandExecutor.invokeExecute(DriverCommandExecutor.java:216)\r\n\tat org.openqa.selenium.remote.service.DriverCommandExecutor.execute(DriverCommandExecutor.java:174)\r\n\tat org.openqa.selenium.remote.RemoteWebDriver.execute(RemoteWebDriver.java:545)\r\n\tat org.openqa.selenium.remote.RemoteWebElement.execute(RemoteWebElement.java:223)\r\n\tat org.openqa.selenium.remote.RemoteWebElement.sendKeys(RemoteWebElement.java:110)\r\n\tat java.base/jdk.internal.reflect.DirectMethodHandleAccessor.invoke(DirectMethodHandleAccessor.java:103)\r\n\tat java.base/java.lang.reflect.Method.invoke(Method.java:580)\r\n\tat org.openqa.selenium.support.pagefactory.internal.LocatingElementHandler.invoke(LocatingElementHandler.java:51)\r\n\tat jdk.proxy2/jdk.proxy2.$Proxy30.sendKeys(Unknown Source)\r\n\tat com.hrm.pages.LoginPage.enterUserName(LoginPage.java:51)\r\n\tat com.hrm.StepDefinations.LoginPageStepDefination.i_have_entered_invalid_username_and_username(LoginPageStepDefination.java:58)\r\n\tat ✽.I have entered invalid  username \"Admin\" and  username \"invalidPassword\"(file:///D:/myWorkspace/FinalOrangeHRM/src/test/resources/features/loginPage.feature:25)\r\n"},"stage":"finished","steps":[],"attachments":[],"parameters":[],"start":1754391836175,"stop":1754391837872},{"name":"When I click on the login button","status":"skipped","statusDetails":{"known":false,"muted":false,"flaky":false},"stage":"finished","steps":[],"attachments":[],"parameters":[],"start":1754391837876,"stop":1754391837877},{"name":"Then I should see an error message indicating","status":"skipped","statusDetails":{"known":false,"muted":false,"flaky":false},"stage":"finished","steps":[],"attachments":[],"parameters":[],"start":1754391837877,"stop":1754391837878}],"attachments":[],"parameters":[{"name":"username","value":"Admin"},{"name":"password","value":"invalidPassword"}],"start":1754391817184,"stop":1754391841280}